<?xml version="1.0" encoding="UTF-8"?>
<!-- Generated by org.testng.reporters.JUnitReportReporter -->
<testsuite hostname="DESKTOP-E2K6OO4" failures="0" tests="1" name="sdet_forktech_assessment.ForkTechAllPass" time="75.719" errors="0" timestamp="2022-11-16T11:37:18 IST" skipped="0">
  <testcase classname="sdet_forktech_assessment.ForkTechAllPass" name="forktechTech" time="75.719"/>
  <system-out>
    <![CDATA[wiki data for pushpa 17 December 2021 India
IMDB data for pushpa December 17, 2021 (United States) India
date pass
country pass]]>
  </system-out>
</testsuite> <!-- sdet_forktech_assessment.ForkTechAllPass -->
